Sun Aug  3 09:15:27 UTC 2025 - heartbeat ping
Sun Aug  3 09:42:34 UTC 2025 - heartbeat ping
Sun Aug  3 09:44:24 UTC 2025 - heartbeat ping
Sun Aug  3 09:48:40 UTC 2025 - heartbeat ping
Sun Aug  3 09:52:02 UTC 2025 - heartbeat ping
Sun Aug  3 12:51:15 UTC 2025 - heartbeat ping
Sun Aug  3 18:34:34 UTC 2025 - heartbeat ping
Mon Aug  4 02:12:20 UTC 2025 - heartbeat ping
Mon Aug  4 06:43:20 UTC 2025 - heartbeat ping
Mon Aug  4 12:55:08 UTC 2025 - heartbeat ping
Mon Aug  4 18:37:28 UTC 2025 - heartbeat ping
Tue Aug  5 02:06:47 UTC 2025 - heartbeat ping
Tue Aug  5 06:39:19 UTC 2025 - heartbeat ping
Tue Aug  5 12:54:34 UTC 2025 - heartbeat ping
Tue Aug  5 18:39:54 UTC 2025 - heartbeat ping
Wed Aug  6 02:04:23 UTC 2025 - heartbeat ping
Wed Aug  6 06:39:59 UTC 2025 - heartbeat ping
Wed Aug  6 12:53:38 UTC 2025 - heartbeat ping
Wed Aug  6 18:36:50 UTC 2025 - heartbeat ping
Wed Aug  6 22:42:12 UTC 2025 - heartbeat ping
Thu Aug  7 02:05:27 UTC 2025 - heartbeat ping
Thu Aug  7 06:39:03 UTC 2025 - heartbeat ping
Thu Aug  7 12:54:50 UTC 2025 - heartbeat ping
Thu Aug  7 18:38:36 UTC 2025 - heartbeat ping
Fri Aug  8 02:05:32 UTC 2025 - heartbeat ping
Fri Aug  8 06:38:05 UTC 2025 - heartbeat ping
Fri Aug  8 12:52:46 UTC 2025 - heartbeat ping
Fri Aug  8 18:33:03 UTC 2025 - heartbeat ping
Sat Aug  9 01:54:54 UTC 2025 - heartbeat ping
Sat Aug  9 06:34:17 UTC 2025 - heartbeat ping
Sat Aug  9 12:47:02 UTC 2025 - heartbeat ping
Sat Aug  9 18:33:21 UTC 2025 - heartbeat ping
Sun Aug 10 02:09:17 UTC 2025 - heartbeat ping
Sun Aug 10 06:34:01 UTC 2025 - heartbeat ping
Sun Aug 10 12:46:57 UTC 2025 - heartbeat ping
Sun Aug 10 18:31:53 UTC 2025 - heartbeat ping
Mon Aug 11 02:06:04 UTC 2025 - heartbeat ping
Mon Aug 11 06:38:11 UTC 2025 - heartbeat ping
Mon Aug 11 12:52:42 UTC 2025 - heartbeat ping
Mon Aug 11 18:37:21 UTC 2025 - heartbeat ping
Tue Aug 12 01:52:36 UTC 2025 - heartbeat ping
Tue Aug 12 06:36:06 UTC 2025 - heartbeat ping
Tue Aug 12 12:49:05 UTC 2025 - heartbeat ping
Tue Aug 12 18:36:05 UTC 2025 - heartbeat ping
